2026-04-08 20:57:37,318 - INFO - Acceso permitido para el rol: admin
2026-04-08 20:57:37,318 - INFO - Acceso permitido para el rol: admin
2026-04-08 20:57:37,318 - INFO - Autenticando en Kaggle...
2026-04-08 20:57:37,318 - INFO - Autenticando en Kaggle...
2026-04-08 20:57:37,318 - INFO - Autenticación en Kaggle exitosa.
2026-04-08 20:57:37,318 - INFO - Autenticación en Kaggle exitosa.
2026-04-08 20:57:37,318 - INFO - Descargando dataset: dnkumars/cybersecurity-intrusion-detection-dataset...
2026-04-08 20:57:37,318 - INFO - Descargando dataset: dnkumars/cybersecurity-intrusion-detection-dataset...
2026-04-08 20:57:38,494 - INFO - Descarga completada.
2026-04-08 20:57:38,494 - INFO - Archivos CSV encontrados: ['cybersecurity_intrusion_data.csv']
2026-04-08 20:57:38,587 - INFO - Columna 'session_id' encriptada exitosamente.
2026-04-08 20:57:38,928 - INFO - Descarga completada.
2026-04-08 20:57:38,928 - INFO - Archivos CSV encontrados: ['cybersecurity_intrusion_data.csv']
2026-04-08 20:57:39,020 - INFO - Columna 'session_id' encriptada exitosamente.
2026-04-08 20:57:39,708 - ERROR - Error al subir datos/dataset_original.csv: {'message': 'Bad credentials', 'documentation_url': 'https://docs.github.com/rest', 'status': '401'}
2026-04-08 20:57:39,710 - INFO - Iniciando limpieza de datos...
2026-04-08 20:57:39,717 - INFO - Columna 'session_id' eliminada correctamente.
2026-04-08 20:57:39,719 - INFO - Valores NaN eliminados correctamente.
2026-04-08 20:57:39,721 - INFO - Columna 'protocol_type' codificada correctamente.
2026-04-08 20:57:39,723 - INFO - Columna 'encryption_used' codificada correctamente.
2026-04-08 20:57:39,724 - INFO - Columna 'browser_type' codificada correctamente.
2026-04-08 20:57:39,724 - INFO - Limpieza de datos completada.
2026-04-08 20:57:40,169 - ERROR - Error al subir datos/dataset_original.csv: {'message': 'Bad credentials', 'documentation_url': 'https://docs.github.com/rest', 'status': '401'}
2026-04-08 20:57:40,170 - INFO - Iniciando limpieza de datos...
2026-04-08 20:57:40,171 - INFO - Columna 'session_id' eliminada correctamente.
2026-04-08 20:57:40,173 - INFO - Valores NaN eliminados correctamente.
2026-04-08 20:57:40,175 - INFO - Columna 'protocol_type' codificada correctamente.
2026-04-08 20:57:40,176 - INFO - Columna 'encryption_used' codificada correctamente.
2026-04-08 20:57:40,178 - INFO - Columna 'browser_type' codificada correctamente.
2026-04-08 20:57:40,178 - INFO - Limpieza de datos completada.
2026-04-08 20:57:40,652 - ERROR - Error al subir datos/dataset_procesado.csv: {'message': 'Bad credentials', 'documentation_url': 'https://docs.github.com/rest', 'status': '401'}
2026-04-08 20:57:41,131 - ERROR - Error al subir datos/dataset_procesado.csv: {'message': 'Bad credentials', 'documentation_url': 'https://docs.github.com/rest', 'status': '401'}
2026-04-08 20:58:00,132 - INFO - Acceso permitido para el rol: admin
2026-04-08 20:58:00,132 - INFO - Autenticando en Kaggle...
2026-04-08 20:58:00,133 - INFO - Autenticación en Kaggle exitosa.
2026-04-08 20:58:00,133 - INFO - Descargando dataset: dnkumars/cybersecurity-intrusion-detection-dataset...
2026-04-08 20:58:01,051 - INFO - Descarga completada.
2026-04-08 20:58:01,052 - INFO - Archivos CSV encontrados: ['cybersecurity_intrusion_data.csv']
2026-04-08 20:58:01,152 - INFO - Columna 'session_id' encriptada exitosamente.
2026-04-08 20:58:02,309 - ERROR - Error al subir datos/dataset_original.csv: {'message': 'Bad credentials', 'documentation_url': 'https://docs.github.com/rest', 'status': '401'}
2026-04-08 20:58:02,311 - INFO - Iniciando limpieza de datos...
2026-04-08 20:58:02,314 - INFO - Columna 'session_id' eliminada correctamente.
2026-04-08 20:58:02,317 - INFO - Valores NaN eliminados correctamente.
2026-04-08 20:58:02,320 - INFO - Columna 'protocol_type' codificada correctamente.
2026-04-08 20:58:02,321 - INFO - Columna 'encryption_used' codificada correctamente.
2026-04-08 20:58:02,323 - INFO - Columna 'browser_type' codificada correctamente.
2026-04-08 20:58:02,323 - INFO - Limpieza de datos completada.
2026-04-08 20:58:03,298 - ERROR - Error al subir datos/dataset_procesado.csv: {'message': 'Bad credentials', 'documentation_url': 'https://docs.github.com/rest', 'status': '401'}
2026-04-08 21:05:37,257 - INFO - Acceso permitido para el rol: admin
2026-04-08 21:05:37,258 - INFO - Autenticando en Kaggle...
2026-04-08 21:05:37,258 - INFO - Autenticación en Kaggle exitosa.
2026-04-08 21:05:37,258 - INFO - Descargando dataset: dnkumars/cybersecurity-intrusion-detection-dataset...
2026-04-08 21:05:38,240 - INFO - Descarga completada.
2026-04-08 21:05:38,240 - INFO - Archivos CSV encontrados: ['cybersecurity_intrusion_data.csv']
2026-04-08 21:05:38,340 - INFO - Columna 'session_id' encriptada exitosamente.
2026-04-08 21:05:39,498 - ERROR - Error al subir datos/dataset_original.csv: {'message': 'Bad credentials', 'documentation_url': 'https://docs.github.com/rest', 'status': '401'}
2026-04-08 21:05:39,500 - INFO - Iniciando limpieza de datos...
2026-04-08 21:05:39,502 - INFO - Columna 'session_id' eliminada correctamente.
2026-04-08 21:05:39,505 - INFO - Valores NaN eliminados correctamente.
2026-04-08 21:05:39,508 - INFO - Columna 'protocol_type' codificada correctamente.
2026-04-08 21:05:39,510 - INFO - Columna 'encryption_used' codificada correctamente.
2026-04-08 21:05:39,511 - INFO - Columna 'browser_type' codificada correctamente.
2026-04-08 21:05:39,511 - INFO - Limpieza de datos completada.
2026-04-08 21:05:40,455 - ERROR - Error al subir datos/dataset_procesado.csv: {'message': 'Bad credentials', 'documentation_url': 'https://docs.github.com/rest', 'status': '401'}
2026-04-08 21:05:44,536 - INFO - Using categorical units to plot a list of strings that are all parsable as floats or dates. If these strings should be plotted as numbers, cast to the appropriate data type before plotting.
2026-04-08 21:05:44,543 - INFO - Using categorical units to plot a list of strings that are all parsable as floats or dates. If these strings should be plotted as numbers, cast to the appropriate data type before plotting.
2026-04-08 21:07:39,788 - INFO - Acceso permitido para el rol: admin
2026-04-08 21:07:39,788 - INFO - Autenticando en Kaggle...
2026-04-08 21:07:39,789 - INFO - Autenticación en Kaggle exitosa.
2026-04-08 21:07:39,789 - INFO - Descargando dataset: dnkumars/cybersecurity-intrusion-detection-dataset...
2026-04-08 21:07:40,737 - INFO - Descarga completada.
2026-04-08 21:07:40,738 - INFO - Archivos CSV encontrados: ['cybersecurity_intrusion_data.csv']
2026-04-08 21:07:40,838 - INFO - Columna 'session_id' encriptada exitosamente.
2026-04-08 21:07:41,936 - ERROR - Error al subir datos/dataset_original.csv: {'message': 'Bad credentials', 'documentation_url': 'https://docs.github.com/rest', 'status': '401'}
2026-04-08 21:07:41,938 - INFO - Iniciando limpieza de datos...
2026-04-08 21:07:41,940 - INFO - Columna 'session_id' eliminada correctamente.
2026-04-08 21:07:41,943 - INFO - Valores NaN eliminados correctamente.
2026-04-08 21:07:41,945 - INFO - Columna 'protocol_type' codificada correctamente.
2026-04-08 21:07:41,947 - INFO - Columna 'encryption_used' codificada correctamente.
2026-04-08 21:07:41,949 - INFO - Columna 'browser_type' codificada correctamente.
2026-04-08 21:07:41,949 - INFO - Limpieza de datos completada.
2026-04-08 21:07:42,891 - ERROR - Error al subir datos/dataset_procesado.csv: {'message': 'Bad credentials', 'documentation_url': 'https://docs.github.com/rest', 'status': '401'}
2026-04-08 21:07:48,014 - INFO - Using categorical units to plot a list of strings that are all parsable as floats or dates. If these strings should be plotted as numbers, cast to the appropriate data type before plotting.
2026-04-08 21:07:48,019 - INFO - Using categorical units to plot a list of strings that are all parsable as floats or dates. If these strings should be plotted as numbers, cast to the appropriate data type before plotting.
2026-04-08 21:08:08,582 - INFO - Acceso permitido para el rol: admin
2026-04-08 21:08:08,582 - INFO - Autenticando en Kaggle...
2026-04-08 21:08:08,583 - INFO - Autenticación en Kaggle exitosa.
2026-04-08 21:08:08,583 - INFO - Descargando dataset: dnkumars/cybersecurity-intrusion-detection-dataset...
2026-04-08 21:08:09,539 - INFO - Descarga completada.
2026-04-08 21:08:09,539 - INFO - Archivos CSV encontrados: ['cybersecurity_intrusion_data.csv']
2026-04-08 21:08:09,632 - INFO - Columna 'session_id' encriptada exitosamente.
2026-04-08 21:08:10,747 - ERROR - Error al subir datos/dataset_original.csv: {'message': 'Bad credentials', 'documentation_url': 'https://docs.github.com/rest', 'status': '401'}
2026-04-08 21:08:10,749 - INFO - Iniciando limpieza de datos...
2026-04-08 21:08:10,752 - INFO - Columna 'session_id' eliminada correctamente.
2026-04-08 21:08:10,754 - INFO - Valores NaN eliminados correctamente.
2026-04-08 21:08:10,757 - INFO - Columna 'protocol_type' codificada correctamente.
2026-04-08 21:08:10,758 - INFO - Columna 'encryption_used' codificada correctamente.
2026-04-08 21:08:10,760 - INFO - Columna 'browser_type' codificada correctamente.
2026-04-08 21:08:10,760 - INFO - Limpieza de datos completada.
2026-04-08 21:08:11,734 - ERROR - Error al subir datos/dataset_procesado.csv: {'message': 'Bad credentials', 'documentation_url': 'https://docs.github.com/rest', 'status': '401'}
2026-04-08 21:08:18,602 - INFO - Using categorical units to plot a list of strings that are all parsable as floats or dates. If these strings should be plotted as numbers, cast to the appropriate data type before plotting.
2026-04-08 21:08:18,607 - INFO - Using categorical units to plot a list of strings that are all parsable as floats or dates. If these strings should be plotted as numbers, cast to the appropriate data type before plotting.
2026-04-08 21:14:03,628 - INFO - Acceso permitido para el rol: admin
2026-04-08 21:14:03,628 - INFO - Autenticando en Kaggle...
2026-04-08 21:14:03,629 - INFO - Autenticación en Kaggle exitosa.
2026-04-08 21:14:03,629 - INFO - Descargando dataset: dnkumars/cybersecurity-intrusion-detection-dataset...
2026-04-08 21:14:04,871 - INFO - Descarga completada.
2026-04-08 21:14:04,872 - INFO - Archivos CSV encontrados: ['cybersecurity_intrusion_data.csv']
2026-04-08 21:14:04,972 - INFO - Columna 'session_id' encriptada exitosamente.
2026-04-08 21:14:06,065 - ERROR - Error al subir datos/dataset_original.csv: {'message': 'Bad credentials', 'documentation_url': 'https://docs.github.com/rest', 'status': '401'}
2026-04-08 21:14:06,067 - INFO - Iniciando limpieza de datos...
2026-04-08 21:14:06,071 - INFO - Columna 'session_id' eliminada correctamente.
2026-04-08 21:14:06,073 - INFO - Valores NaN eliminados correctamente.
2026-04-08 21:14:06,076 - INFO - Columna 'protocol_type' codificada correctamente.
2026-04-08 21:14:06,077 - INFO - Columna 'encryption_used' codificada correctamente.
2026-04-08 21:14:06,079 - INFO - Columna 'browser_type' codificada correctamente.
2026-04-08 21:14:06,079 - INFO - Limpieza de datos completada.
2026-04-08 21:14:06,990 - ERROR - Error al subir datos/dataset_procesado.csv: {'message': 'Bad credentials', 'documentation_url': 'https://docs.github.com/rest', 'status': '401'}
2026-04-08 21:14:11,818 - INFO - Using categorical units to plot a list of strings that are all parsable as floats or dates. If these strings should be plotted as numbers, cast to the appropriate data type before plotting.
2026-04-08 21:14:11,823 - INFO - Using categorical units to plot a list of strings that are all parsable as floats or dates. If these strings should be plotted as numbers, cast to the appropriate data type before plotting.
2026-04-08 21:16:05,956 - INFO - Acceso permitido para el rol: admin
2026-04-08 21:16:05,956 - INFO - Autenticando en Kaggle...
2026-04-08 21:16:05,957 - INFO - Autenticación en Kaggle exitosa.
2026-04-08 21:16:05,957 - INFO - Descargando dataset: dnkumars/cybersecurity-intrusion-detection-dataset...
2026-04-08 21:16:06,868 - INFO - Descarga completada.
2026-04-08 21:16:06,869 - INFO - Archivos CSV encontrados: ['cybersecurity_intrusion_data.csv']
2026-04-08 21:16:06,970 - INFO - Columna 'session_id' encriptada exitosamente.
2026-04-08 21:16:08,402 - ERROR - Error al subir datos/dataset_original.csv: {'message': 'Bad credentials', 'documentation_url': 'https://docs.github.com/rest', 'status': '401'}
2026-04-08 21:16:08,403 - INFO - Iniciando limpieza de datos...
2026-04-08 21:16:08,404 - INFO - Columna 'session_id' eliminada correctamente.
2026-04-08 21:16:08,407 - INFO - Valores NaN eliminados correctamente.
2026-04-08 21:16:08,408 - INFO - Columna 'protocol_type' codificada correctamente.
2026-04-08 21:16:08,410 - INFO - Columna 'encryption_used' codificada correctamente.
2026-04-08 21:16:08,412 - INFO - Columna 'browser_type' codificada correctamente.
2026-04-08 21:16:08,412 - INFO - Limpieza de datos completada.
2026-04-08 21:16:09,351 - ERROR - Error al subir datos/dataset_procesado.csv: {'message': 'Bad credentials', 'documentation_url': 'https://docs.github.com/rest', 'status': '401'}
2026-04-08 21:16:12,110 - INFO - Using categorical units to plot a list of strings that are all parsable as floats or dates. If these strings should be plotted as numbers, cast to the appropriate data type before plotting.
2026-04-08 21:16:12,115 - INFO - Using categorical units to plot a list of strings that are all parsable as floats or dates. If these strings should be plotted as numbers, cast to the appropriate data type before plotting.
2026-04-08 21:19:45,565 - INFO - Acceso permitido para el rol: admin
2026-04-08 21:19:45,565 - INFO - Autenticando en Kaggle...
2026-04-08 21:19:45,566 - INFO - Autenticación en Kaggle exitosa.
2026-04-08 21:19:45,566 - INFO - Descargando dataset: dnkumars/cybersecurity-intrusion-detection-dataset...
2026-04-08 21:19:46,456 - INFO - Descarga completada.
2026-04-08 21:19:46,457 - INFO - Archivos CSV encontrados: ['cybersecurity_intrusion_data.csv']
2026-04-08 21:19:46,555 - INFO - Columna 'session_id' encriptada exitosamente.
2026-04-08 21:19:47,705 - ERROR - Error al subir datos/dataset_original.csv: {'message': 'Bad credentials', 'documentation_url': 'https://docs.github.com/rest', 'status': '401'}
2026-04-08 21:19:47,707 - INFO - Iniciando limpieza de datos...
2026-04-08 21:19:47,709 - INFO - Columna 'session_id' eliminada correctamente.
2026-04-08 21:19:47,720 - INFO - Valores NaN eliminados correctamente.
2026-04-08 21:19:47,722 - INFO - Columna 'protocol_type' codificada correctamente.
2026-04-08 21:19:47,723 - INFO - Columna 'encryption_used' codificada correctamente.
2026-04-08 21:19:47,725 - INFO - Columna 'browser_type' codificada correctamente.
2026-04-08 21:19:47,725 - INFO - Limpieza de datos completada.
2026-04-08 21:19:48,641 - ERROR - Error al subir datos/dataset_procesado.csv: {'message': 'Bad credentials', 'documentation_url': 'https://docs.github.com/rest', 'status': '401'}
2026-04-08 21:19:51,997 - INFO - Using categorical units to plot a list of strings that are all parsable as floats or dates. If these strings should be plotted as numbers, cast to the appropriate data type before plotting.
2026-04-08 21:19:52,002 - INFO - Using categorical units to plot a list of strings that are all parsable as floats or dates. If these strings should be plotted as numbers, cast to the appropriate data type before plotting.
2026-04-08 21:22:10,315 - INFO - Using categorical units to plot a list of strings that are all parsable as floats or dates. If these strings should be plotted as numbers, cast to the appropriate data type before plotting.
2026-04-08 21:22:10,320 - INFO - Using categorical units to plot a list of strings that are all parsable as floats or dates. If these strings should be plotted as numbers, cast to the appropriate data type before plotting.
2026-04-08 21:22:14,082 - INFO - Acceso permitido para el rol: admin
2026-04-08 21:22:14,083 - INFO - Autenticando en Kaggle...
2026-04-08 21:22:14,084 - INFO - Autenticación en Kaggle exitosa.
2026-04-08 21:22:14,084 - INFO - Descargando dataset: dnkumars/cybersecurity-intrusion-detection-dataset...
2026-04-08 21:22:15,021 - INFO - Descarga completada.
2026-04-08 21:22:15,021 - INFO - Archivos CSV encontrados: ['cybersecurity_intrusion_data.csv']
2026-04-08 21:22:15,118 - INFO - Columna 'session_id' encriptada exitosamente.
2026-04-08 21:22:16,203 - ERROR - Error al subir datos/dataset_original.csv: {'message': 'Bad credentials', 'documentation_url': 'https://docs.github.com/rest', 'status': '401'}
2026-04-08 21:22:16,206 - INFO - Iniciando limpieza de datos...
2026-04-08 21:22:16,208 - INFO - Columna 'session_id' eliminada correctamente.
2026-04-08 21:22:16,212 - INFO - Valores NaN eliminados correctamente.
2026-04-08 21:22:16,214 - INFO - Columna 'protocol_type' codificada correctamente.
2026-04-08 21:22:16,215 - INFO - Columna 'encryption_used' codificada correctamente.
2026-04-08 21:22:16,217 - INFO - Columna 'browser_type' codificada correctamente.
2026-04-08 21:22:16,217 - INFO - Limpieza de datos completada.
2026-04-08 21:22:17,177 - ERROR - Error al subir datos/dataset_procesado.csv: {'message': 'Bad credentials', 'documentation_url': 'https://docs.github.com/rest', 'status': '401'}
2026-04-08 21:25:42,063 - INFO - Acceso permitido para el rol: admin
2026-04-08 21:25:42,064 - INFO - Autenticando en Kaggle...
2026-04-08 21:25:42,064 - INFO - Autenticación en Kaggle exitosa.
2026-04-08 21:25:42,064 - INFO - Descargando dataset: dnkumars/cybersecurity-intrusion-detection-dataset...
2026-04-08 21:25:42,960 - INFO - Descarga completada.
2026-04-08 21:25:42,961 - INFO - Archivos CSV encontrados: ['cybersecurity_intrusion_data.csv']
2026-04-08 21:25:43,060 - INFO - Columna 'session_id' encriptada exitosamente.
2026-04-08 21:25:44,233 - ERROR - Error al subir datos/dataset_original.csv: {'message': 'Bad credentials', 'documentation_url': 'https://docs.github.com/rest', 'status': '401'}
2026-04-08 21:25:44,235 - INFO - Iniciando limpieza de datos...
2026-04-08 21:25:44,238 - INFO - Columna 'session_id' eliminada correctamente.
2026-04-08 21:25:44,241 - INFO - Valores NaN eliminados correctamente.
2026-04-08 21:25:44,243 - INFO - Columna 'protocol_type' codificada correctamente.
2026-04-08 21:25:44,244 - INFO - Columna 'encryption_used' codificada correctamente.
2026-04-08 21:25:44,246 - INFO - Columna 'browser_type' codificada correctamente.
2026-04-08 21:25:44,246 - INFO - Limpieza de datos completada.
2026-04-08 21:25:45,216 - ERROR - Error al subir datos/dataset_procesado.csv: {'message': 'Bad credentials', 'documentation_url': 'https://docs.github.com/rest', 'status': '401'}
2026-04-08 21:25:48,509 - INFO - Using categorical units to plot a list of strings that are all parsable as floats or dates. If these strings should be plotted as numbers, cast to the appropriate data type before plotting.
2026-04-08 21:25:48,516 - INFO - Using categorical units to plot a list of strings that are all parsable as floats or dates. If these strings should be plotted as numbers, cast to the appropriate data type before plotting.
